<?xml version="1.0" encoding="UTF-8"?>
<!-- Generated by org.testng.reporters.JUnitReportReporter -->
<testsuite skipped="0" hostname="DESKTOP-99OQSQU" name="day63_JavaRecap.ArrayList1" tests="2" failures="0" timestamp="2019-12-13T19:23:16 EST" time="0.025" errors="0">
  <testcase name="SecondTest" time="0.013" classname="day63_JavaRecap.ArrayList1"/>
  <testcase name="Demo" time="0.012" classname="day63_JavaRecap.ArrayList1"/>
</testsuite> <!-- day63_JavaRecap.ArrayList1 -->
